
Request #1 at 2025-01-16 21:34:27.6189842 UTC: Generate Leaderboard HTML
Response to Request #1 at 2025-01-16 21:34:27.6219748 UTC: Generated and saved
Time taken: 0.0029906s seconds
Total Scores from all rounds:
[(7,135),(4,135),(2,126),(9,121),(3,119),(1,101),(6,72),(5,72),(8,61),(10,51)]

Request #1 at 2025-01-16 21:34:27.7566149 UTC: Generate Leaderboard HTML
Response to Request #1 at 2025-01-16 21:34:27.757611 UTC: Generated and saved
Time taken: 0.0009961s seconds
Total Scores from all rounds:
[(7,135),(4,135),(2,126),(9,121),(3,119),(1,101),(6,72),(5,72),(8,61),(10,51)]

Request #1 at 2025-01-16 21:34:28.3680108 UTC: Generate Leaderboard HTML
Response to Request #1 at 2025-01-16 21:34:28.3699742 UTC: Generated and saved
Time taken: 0.0019634s seconds
Total Scores from all rounds:
[(7,135),(4,135),(2,126),(9,121),(3,119),(1,101),(6,72),(5,72),(8,61),(10,51)]

Request #1 at 2025-01-16 21:34:28.8038508 UTC: Generate Leaderboard HTML
Response to Request #1 at 2025-01-16 21:34:28.8048104 UTC: Generated and saved
Time taken: 0.0009596s seconds
Total Scores from all rounds:
[(2,135),(3,131),(7,127),(8,114),(4,110),(1,107),(9,77),(6,73),(10,62),(5,50)]

Request #1 at 2025-01-16 21:34:28.9593973 UTC: Generate Leaderboard HTML
Response to Request #1 at 2025-01-16 21:34:28.9603949 UTC: Generated and saved
Time taken: 0.0009976s seconds
Total Scores from all rounds:
[(2,135),(3,131),(7,127),(8,114),(4,110),(1,107),(9,77),(6,73),(10,62),(5,50)]

Request #1 at 2025-01-16 21:34:29.1469291 UTC: Generate Leaderboard HTML
Response to Request #1 at 2025-01-16 21:34:29.1479053 UTC: Generated and saved
Time taken: 0.0009762s seconds
Total Scores from all rounds:
[(2,135),(3,131),(7,127),(8,114),(4,110),(1,107),(9,77),(6,73),(10,62),(5,50)]

Request #1 at 2025-01-16 21:34:29.3673459 UTC: Generate Leaderboard HTML
Response to Request #1 at 2025-01-16 21:34:29.36932 UTC: Generated and saved
Time taken: 0.0019741s seconds
Total Scores from all rounds:
[(2,135),(3,131),(7,127),(8,114),(4,110),(1,107),(9,77),(6,73),(10,62),(5,50)]

Request #1 at 2025-01-16 21:34:30.1851573 UTC: Generate Leaderboard HTML
Response to Request #1 at 2025-01-16 21:34:30.186116 UTC: Generated and saved
Time taken: 0.0009587s seconds
Total Scores from all rounds:
[(2,137),(9,135),(6,120),(8,100),(7,83),(4,80),(5,77),(10,72),(1,63),(3,59)]

Request #1 at 2025-01-16 21:34:30.2799029 UTC: Generate Leaderboard HTML
Response to Request #1 at 2025-01-16 21:34:30.2808634 UTC: Generated and saved
Time taken: 0.0009605s seconds
Total Scores from all rounds:
[(2,137),(9,135),(6,120),(8,100),(7,83),(4,80),(5,77),(10,72),(1,63),(3,59)]

Request #1 at 2025-01-16 21:34:30.8763069 UTC: Generate Leaderboard HTML
Response to Request #1 at 2025-01-16 21:34:30.8772701 UTC: Generated and saved
Time taken: 0.0009632s seconds
Total Scores from all rounds:
[(7,136),(10,135),(3,132),(2,124),(4,116),(8,99),(6,93),(1,74),(9,64),(5,51)]

Request #1 at 2025-01-16 21:34:36.6548156 UTC: Generate Leaderboard HTML
Response to Request #1 at 2025-01-16 21:34:36.6568093 UTC: Generated and saved
Time taken: 0.0019937s seconds
Total Scores from all rounds:
[(2,1184),(4,1168),(7,1100),(10,1081),(8,1050),(5,1017),(6,1015),(1,979),(3,955),(9,916)]

Request #1 at 2025-01-17 07:06:16.054494 UTC: Generate Leaderboard HTML
Response to Request #1 at 2025-01-17 07:06:16.0566875 UTC: Generated and saved
Time taken: 0.0021935s seconds
Total Scores from all rounds:
[(6,143),(2,136),(7,128),(8,120),(4,110),(5,109),(10,90),(1,81),(3,72),(9,56)]

Request #1 at 2025-01-17 07:06:16.1768038 UTC: Generate Leaderboard HTML
Response to Request #1 at 2025-01-17 07:06:16.1788002 UTC: Generated and saved
Time taken: 0.0019964s seconds
Total Scores from all rounds:
[(6,143),(2,136),(7,128),(8,120),(4,110),(5,109),(10,90),(1,81),(3,72),(9,56)]

Request #1 at 2025-01-17 07:06:16.7700067 UTC: Generate Leaderboard HTML
Response to Request #1 at 2025-01-17 07:06:16.7710038 UTC: Generated and saved
Time taken: 0.0009971s seconds
Total Scores from all rounds:
[(9,132),(7,124),(2,115),(6,114),(8,108),(4,92),(5,70),(3,67),(1,67),(10,50)]

Request #1 at 2025-01-17 07:06:18.1304464 UTC: Generate Leaderboard HTML
Response to Request #1 at 2025-01-17 07:06:18.131413 UTC: Generated and saved
Time taken: 0.0009666s seconds
Total Scores from all rounds:
[(2,150),(4,146),(1,116),(8,100),(3,100),(7,98),(10,86),(6,79),(9,78),(5,57)]

Request #1 at 2025-01-17 07:06:18.1457369 UTC: Generate Leaderboard HTML
Response to Request #1 at 2025-01-17 07:06:18.1466971 UTC: Generated and saved
Time taken: 0.0009602s seconds
Total Scores from all rounds:
[(2,150),(4,146),(1,116),(8,100),(3,100),(7,98),(10,86),(6,79),(9,78),(5,57)]

Request #1 at 2025-01-17 07:06:18.4612048 UTC: Generate Leaderboard HTML
Response to Request #1 at 2025-01-17 07:06:18.4621719 UTC: Generated and saved
Time taken: 0.0009671s seconds
Total Scores from all rounds:
[(2,150),(4,146),(1,116),(8,100),(3,100),(7,98),(10,86),(6,79),(9,78),(5,57)]

Request #1 at 2025-01-17 07:06:18.5866794 UTC: Generate Leaderboard HTML
Response to Request #1 at 2025-01-17 07:06:18.5876771 UTC: Generated and saved
Time taken: 0.0009977s seconds
Total Scores from all rounds:
[(2,150),(4,146),(1,116),(8,100),(3,100),(7,98),(10,86),(6,79),(9,78),(5,57)]

Request #1 at 2025-01-17 07:06:18.7429816 UTC: Generate Leaderboard HTML
Response to Request #1 at 2025-01-17 07:06:18.7439501 UTC: Generated and saved
Time taken: 0.0009685s seconds
Total Scores from all rounds:
[(9,130),(6,129),(10,116),(7,111),(3,108),(4,94),(5,92),(1,92),(8,82),(2,79)]

Request #1 at 2025-01-17 07:06:19.3185782 UTC: Generate Leaderboard HTML
Response to Request #1 at 2025-01-17 07:06:19.3195767 UTC: Generated and saved
Time taken: 0.0009985s seconds
Total Scores from all rounds:
[(9,130),(6,129),(10,116),(7,111),(3,108),(4,94),(5,92),(1,92),(8,82),(2,79)]

Request #1 at 2025-01-17 07:06:19.4897799 UTC: Generate Leaderboard HTML
Response to Request #1 at 2025-01-17 07:06:19.4897799 UTC: Generated and saved
Time taken: 0s seconds
Total Scores from all rounds:
[(9,130),(6,129),(10,116),(7,111),(3,108),(4,94),(5,92),(1,92),(8,82),(2,79)]

Request #1 at 2025-01-17 07:06:24.7772487 UTC: Generate Leaderboard HTML
Response to Request #1 at 2025-01-17 07:06:24.7782154 UTC: Generated and saved
Time taken: 0.0009667s seconds
Total Scores from all rounds:
[(6,1087),(7,1083),(2,1078),(4,1071),(3,1048),(10,982),(5,904),(8,900),(9,897),(1,842)]

Request #1 at 2025-01-17 14:21:29.7583631 UTC: Generate Leaderboard HTML
Response to Request #1 at 2025-01-17 14:21:29.7904442 UTC: Generated and saved
Time taken: 0.0320811s seconds
Total Scores from all rounds:
[(1,148),(6,140),(4,121),(3,115),(2,98),(8,97),(9,79),(5,62),(7,60),(10,56)]

Request #1 at 2025-01-17 14:21:29.8184694 UTC: Generate Leaderboard HTML
Response to Request #1 at 2025-01-17 14:21:29.8184694 UTC: Generated and saved
Time taken: 0s seconds
Total Scores from all rounds:
[(1,148),(6,140),(4,121),(3,115),(2,98),(8,97),(9,79),(5,62),(7,60),(10,56)]

Request #1 at 2025-01-17 14:21:30.206502 UTC: Generate Leaderboard HTML
Response to Request #1 at 2025-01-17 14:21:30.206502 UTC: Generated and saved
Time taken: 0s seconds
Total Scores from all rounds:
[(1,148),(6,140),(4,121),(3,115),(2,98),(8,97),(9,79),(5,62),(7,60),(10,56)]

Request #1 at 2025-01-17 14:21:31.0905373 UTC: Generate Leaderboard HTML
Response to Request #1 at 2025-01-17 14:21:31.0905373 UTC: Generated and saved
Time taken: 0s seconds
Total Scores from all rounds:
[(4,149),(9,145),(2,145),(5,120),(6,118),(1,111),(10,74),(3,62),(8,57),(7,55)]

Request #1 at 2025-01-17 14:21:31.3065016 UTC: Generate Leaderboard HTML
Response to Request #1 at 2025-01-17 14:21:31.3065016 UTC: Generated and saved
Time taken: 0s seconds
Total Scores from all rounds:
[(4,149),(9,145),(2,145),(5,120),(6,118),(1,111),(10,74),(3,62),(8,57),(7,55)]

Request #1 at 2025-01-17 14:21:33.0585347 UTC: Generate Leaderboard HTML
Response to Request #1 at 2025-01-17 14:21:33.0585347 UTC: Generated and saved
Time taken: 0s seconds
Total Scores from all rounds:
[(2,130),(9,129),(10,124),(8,120),(3,116),(4,109),(7,108),(1,104),(5,103),(6,67)]

Request #1 at 2025-01-17 14:21:33.0745347 UTC: Generate Leaderboard HTML
Response to Request #1 at 2025-01-17 14:21:33.0745347 UTC: Generated and saved
Time taken: 0s seconds
Total Scores from all rounds:
[(2,130),(9,129),(10,124),(8,120),(3,116),(4,109),(7,108),(1,104),(5,103),(6,67)]

Request #1 at 2025-01-17 14:21:33.3305342 UTC: Generate Leaderboard HTML
Response to Request #1 at 2025-01-17 14:21:33.3305342 UTC: Generated and saved
Time taken: 0s seconds
Total Scores from all rounds:
[(2,130),(9,129),(10,124),(8,120),(3,116),(4,109),(7,108),(1,104),(5,103),(6,67)]

Request #1 at 2025-01-17 14:21:33.4705304 UTC: Generate Leaderboard HTML
Response to Request #1 at 2025-01-17 14:21:33.4705304 UTC: Generated and saved
Time taken: 0s seconds
Total Scores from all rounds:
[(2,130),(9,129),(10,124),(8,120),(3,116),(4,109),(7,108),(1,104),(5,103),(6,67)]

Request #1 at 2025-01-17 14:21:33.626501 UTC: Generate Leaderboard HTML
Response to Request #1 at 2025-01-17 14:21:33.626501 UTC: Generated and saved
Time taken: 0s seconds
Total Scores from all rounds:
[(2,130),(9,129),(10,124),(8,120),(3,116),(4,109),(7,108),(1,104),(5,103),(6,67)]

Request #1 at 2025-01-17 14:21:38.8305161 UTC: Generate Leaderboard HTML
Response to Request #1 at 2025-01-17 14:21:38.8345129 UTC: Generated and saved
Time taken: 0.0039968s seconds
Total Scores from all rounds:
[(4,1134),(2,1073),(1,1067),(6,1045),(7,997),(3,972),(9,961),(5,934),(8,896),(10,861)]

Request #1 at 2025-01-17 14:42:56.0392556 UTC: Generate Leaderboard HTML
Response to Request #1 at 2025-01-17 14:42:56.041251 UTC: Generated and saved
Time taken: 0.0019954s seconds
Total Scores from all rounds:
[(7,146),(5,133),(4,125),(9,118),(8,112),(2,83),(10,79),(1,75),(6,71),(3,61)]

Request #1 at 2025-01-17 14:42:56.2888709 UTC: Generate Leaderboard HTML
Response to Request #1 at 2025-01-17 14:42:56.2898686 UTC: Generated and saved
Time taken: 0.0009977s seconds
Total Scores from all rounds:
[(7,146),(5,133),(4,125),(9,118),(8,112),(2,83),(10,79),(1,75),(6,71),(3,61)]

Request #1 at 2025-01-17 14:42:56.3971901 UTC: Generate Leaderboard HTML
Response to Request #1 at 2025-01-17 14:42:56.3981878 UTC: Generated and saved
Time taken: 0.0009977s seconds
Total Scores from all rounds:
[(8,150),(4,140),(6,127),(7,126),(3,117),(9,77),(10,72),(2,66),(1,64),(5,62)]

Request #1 at 2025-01-17 14:42:56.5548113 UTC: Generate Leaderboard HTML
Response to Request #1 at 2025-01-17 14:42:56.5557808 UTC: Generated and saved
Time taken: 0.0009695s seconds
Total Scores from all rounds:
[(8,150),(4,140),(6,127),(7,126),(3,117),(9,77),(10,72),(2,66),(1,64),(5,62)]

Request #1 at 2025-01-17 14:42:56.8489674 UTC: Generate Leaderboard HTML
Response to Request #1 at 2025-01-17 14:42:56.8499952 UTC: Generated and saved
Time taken: 0.0010278s seconds
Total Scores from all rounds:
[(8,150),(4,140),(6,127),(7,126),(3,117),(9,77),(10,72),(2,66),(1,64),(5,62)]

Request #1 at 2025-01-17 14:42:57.8036274 UTC: Generate Leaderboard HTML
Response to Request #1 at 2025-01-17 14:42:57.8046254 UTC: Generated and saved
Time taken: 0.000998s seconds
Total Scores from all rounds:
[(2,128),(5,114),(4,99),(1,99),(10,92),(9,90),(6,83),(7,82),(8,67),(3,62)]

Request #1 at 2025-01-17 14:42:57.9874196 UTC: Generate Leaderboard HTML
Response to Request #1 at 2025-01-17 14:42:57.988417 UTC: Generated and saved
Time taken: 0.0009974s seconds
Total Scores from all rounds:
[(2,128),(5,114),(4,99),(1,99),(10,92),(9,90),(6,83),(7,82),(8,67),(3,62)]

Request #1 at 2025-01-17 14:42:58.0184233 UTC: Generate Leaderboard HTML
Response to Request #1 at 2025-01-17 14:42:58.019397 UTC: Generated and saved
Time taken: 0.0009737s seconds
Total Scores from all rounds:
[(2,128),(5,114),(4,99),(1,99),(10,92),(9,90),(6,83),(7,82),(8,67),(3,62)]

Request #1 at 2025-01-17 14:42:59.135846 UTC: Generate Leaderboard HTML
Response to Request #1 at 2025-01-17 14:42:59.1368041 UTC: Generated and saved
Time taken: 0.0009581s seconds
Total Scores from all rounds:
[(5,147),(8,129),(3,116),(1,115),(2,109),(4,107),(6,106),(7,94),(10,70),(9,53)]

Request #1 at 2025-01-17 14:42:59.2431127 UTC: Generate Leaderboard HTML
Response to Request #1 at 2025-01-17 14:42:59.2441102 UTC: Generated and saved
Time taken: 0.0009975s seconds
Total Scores from all rounds:
[(5,147),(8,129),(3,116),(1,115),(2,109),(4,107),(6,106),(7,94),(10,70),(9,53)]

Request #1 at 2025-01-17 14:43:04.3779641 UTC: Generate Leaderboard HTML
Response to Request #1 at 2025-01-17 14:43:04.3789624 UTC: Generated and saved
Time taken: 0.0009983s seconds
Total Scores from all rounds:
[(8,1131),(7,1116),(3,1084),(4,1045),(5,996),(1,993),(9,941),(2,941),(10,915),(6,913)]

Request #1 at 2025-01-17 14:49:15.3400297 UTC: Generate Leaderboard HTML
Response to Request #1 at 2025-01-17 14:49:15.3424686 UTC: Generated and saved
Time taken: 0.0024389s seconds
Total Scores from all rounds:
[(5,143),(7,138),(6,128),(10,119),(1,118),(2,79),(9,72),(4,71),(3,60),(8,52)]

Request #1 at 2025-01-17 14:49:15.3434655 UTC: Generate Leaderboard HTML
Response to Request #1 at 2025-01-17 14:49:15.3444636 UTC: Generated and saved
Time taken: 0.0009981s seconds
Total Scores from all rounds:
[(5,143),(7,138),(6,128),(10,119),(1,118),(2,79),(9,72),(4,71),(3,60),(8,52)]

Request #1 at 2025-01-17 14:49:15.4474749 UTC: Generate Leaderboard HTML
Response to Request #1 at 2025-01-17 14:49:15.4484822 UTC: Generated and saved
Time taken: 0.0010073s seconds
Total Scores from all rounds:
[(5,143),(7,138),(6,128),(10,119),(1,118),(2,79),(9,72),(4,71),(3,60),(8,52)]

Request #1 at 2025-01-17 14:49:16.5062146 UTC: Generate Leaderboard HTML
Response to Request #1 at 2025-01-17 14:49:16.5072125 UTC: Generated and saved
Time taken: 0.0009979s seconds
Total Scores from all rounds:
[(1,143),(2,139),(4,137),(9,130),(6,116),(5,106),(8,79),(3,73),(10,71),(7,53)]

Request #1 at 2025-01-17 14:49:16.5700627 UTC: Generate Leaderboard HTML
Response to Request #1 at 2025-01-17 14:49:16.5710606 UTC: Generated and saved
Time taken: 0.0009979s seconds
Total Scores from all rounds:
[(1,143),(2,139),(4,137),(9,130),(6,116),(5,106),(8,79),(3,73),(10,71),(7,53)]

Request #1 at 2025-01-17 14:49:16.8797674 UTC: Generate Leaderboard HTML
Response to Request #1 at 2025-01-17 14:49:16.8807314 UTC: Generated and saved
Time taken: 0.000964s seconds
Total Scores from all rounds:
[(10,150),(3,150),(5,136),(9,134),(7,105),(6,105),(2,95),(4,91),(8,82),(1,64)]

Request #1 at 2025-01-17 14:49:17.8165701 UTC: Generate Leaderboard HTML
Response to Request #1 at 2025-01-17 14:49:17.8175315 UTC: Generated and saved
Time taken: 0.0009614s seconds
Total Scores from all rounds:
[(7,127),(8,123),(2,118),(10,116),(9,107),(5,103),(3,102),(4,87),(6,78),(1,59)]

Request #1 at 2025-01-17 14:49:18.0518031 UTC: Generate Leaderboard HTML
Response to Request #1 at 2025-01-17 14:49:18.0527619 UTC: Generated and saved
Time taken: 0.0009588s seconds
Total Scores from all rounds:
[(7,127),(8,123),(2,118),(10,116),(9,107),(5,103),(3,102),(4,87),(6,78),(1,59)]

Request #1 at 2025-01-17 14:49:18.177428 UTC: Generate Leaderboard HTML
Response to Request #1 at 2025-01-17 14:49:18.1784269 UTC: Generated and saved
Time taken: 0.0009989s seconds
Total Scores from all rounds:
[(7,127),(8,123),(2,118),(10,116),(9,107),(5,103),(3,102),(4,87),(6,78),(1,59)]

Request #1 at 2025-01-17 14:49:18.6117125 UTC: Generate Leaderboard HTML
Response to Request #1 at 2025-01-17 14:49:18.6127111 UTC: Generated and saved
Time taken: 0.0009986s seconds
Total Scores from all rounds:
[(7,127),(8,123),(2,118),(10,116),(9,107),(5,103),(3,102),(4,87),(6,78),(1,59)]

Request #1 at 2025-01-17 14:49:23.791891 UTC: Generate Leaderboard HTML
Response to Request #1 at 2025-01-17 14:49:23.7938861 UTC: Generated and saved
Time taken: 0.0019951s seconds
Total Scores from all rounds:
[(7,1093),(1,1071),(9,1049),(2,1019),(5,1013),(3,1012),(4,991),(10,987),(8,985),(6,941)]

Request #1 at 2025-01-17 14:51:50.5262954 UTC: Generate Leaderboard HTML
Response to Request #1 at 2025-01-17 14:51:50.52828 UTC: Generated and saved
Time taken: 0.0019846s seconds
Total Scores from all rounds:
[(3,130),(5,129),(6,128),(10,125),(1,120),(8,108),(2,95),(7,71),(4,71),(9,68)]

Request #1 at 2025-01-17 14:51:50.5721341 UTC: Generate Leaderboard HTML
Response to Request #1 at 2025-01-17 14:51:50.5731325 UTC: Generated and saved
Time taken: 0.0009984s seconds
Total Scores from all rounds:
[(3,130),(5,129),(6,128),(10,125),(1,120),(8,108),(2,95),(7,71),(4,71),(9,68)]

Request #1 at 2025-01-17 14:51:51.2284989 UTC: Generate Leaderboard HTML
Response to Request #1 at 2025-01-17 14:51:51.2294962 UTC: Generated and saved
Time taken: 0.0009973s seconds
Total Scores from all rounds:
[(3,130),(5,129),(6,128),(10,125),(1,120),(8,108),(2,95),(7,71),(4,71),(9,68)]

Request #1 at 2025-01-17 14:51:51.4640138 UTC: Generate Leaderboard HTML
Response to Request #1 at 2025-01-17 14:51:51.4650107 UTC: Generated and saved
Time taken: 0.0009969s seconds
Total Scores from all rounds:
[(9,121),(7,95),(10,91),(4,89),(1,88),(2,86),(5,82),(3,78),(8,75),(6,72)]

Request #1 at 2025-01-17 14:51:51.6515396 UTC: Generate Leaderboard HTML
Response to Request #1 at 2025-01-17 14:51:51.6525101 UTC: Generated and saved
Time taken: 0.0009705s seconds
Total Scores from all rounds:
[(9,121),(7,95),(10,91),(4,89),(1,88),(2,86),(5,82),(3,78),(8,75),(6,72)]

Request #1 at 2025-01-17 14:51:51.727946 UTC: Generate Leaderboard HTML
Response to Request #1 at 2025-01-17 14:51:51.7289446 UTC: Generated and saved
Time taken: 0.0009986s seconds
Total Scores from all rounds:
[(9,121),(7,95),(10,91),(4,89),(1,88),(2,86),(5,82),(3,78),(8,75),(6,72)]

Request #1 at 2025-01-17 14:51:52.2264325 UTC: Generate Leaderboard HTML
Response to Request #1 at 2025-01-17 14:51:52.2274295 UTC: Generated and saved
Time taken: 0.000997s seconds
Total Scores from all rounds:
[(9,121),(7,95),(10,91),(4,89),(1,88),(2,86),(5,82),(3,78),(8,75),(6,72)]

Request #1 at 2025-01-17 14:51:53.1021444 UTC: Generate Leaderboard HTML
Response to Request #1 at 2025-01-17 14:51:53.1031413 UTC: Generated and saved
Time taken: 0.0009969s seconds
Total Scores from all rounds:
[(5,141),(9,129),(2,128),(3,111),(7,101),(6,86),(10,84),(8,83),(4,75),(1,75)]

Request #1 at 2025-01-17 14:51:53.1181017 UTC: Generate Leaderboard HTML
Response to Request #1 at 2025-01-17 14:51:53.1190994 UTC: Generated and saved
Time taken: 0.0009977s seconds
Total Scores from all rounds:
[(5,141),(9,129),(2,128),(3,111),(7,101),(6,86),(10,84),(8,83),(4,75),(1,75)]

Request #1 at 2025-01-17 14:51:53.1514223 UTC: Generate Leaderboard HTML
Response to Request #1 at 2025-01-17 14:51:53.1534177 UTC: Generated and saved
Time taken: 0.0019954s seconds
Total Scores from all rounds:
[(5,141),(9,129),(2,128),(3,111),(7,101),(6,86),(10,84),(8,83),(4,75),(1,75)]

Request #1 at 2025-01-17 14:51:58.3805955 UTC: Generate Leaderboard HTML
Response to Request #1 at 2025-01-17 14:51:58.382591 UTC: Generated and saved
Time taken: 0.0019955s seconds
Total Scores from all rounds:
[(2,1090),(10,1075),(6,1074),(3,1052),(8,1024),(5,998),(9,995),(7,958),(1,946),(4,833)]

Request #1 at 2025-01-17 14:54:55.954486 UTC: Generate Leaderboard HTML
Response to Request #1 at 2025-01-17 14:54:55.9564803 UTC: Generated and saved
Time taken: 0.0019943s seconds
Total Scores from all rounds:
[(2,119),(9,117),(4,113),(7,112),(1,111),(6,100),(5,100),(8,68),(10,64),(3,55)]

Request #1 at 2025-01-17 14:54:56.4344149 UTC: Generate Leaderboard HTML
Response to Request #1 at 2025-01-17 14:54:56.4354124 UTC: Generated and saved
Time taken: 0.0009975s seconds
Total Scores from all rounds:
[(2,119),(9,117),(4,113),(7,112),(1,111),(6,100),(5,100),(8,68),(10,64),(3,55)]

Request #1 at 2025-01-17 14:54:56.914848 UTC: Generate Leaderboard HTML
Response to Request #1 at 2025-01-17 14:54:56.9158454 UTC: Generated and saved
Time taken: 0.0009974s seconds
Total Scores from all rounds:
[(9,127),(4,100),(2,100),(5,96),(3,81),(7,78),(8,75),(10,65),(6,61),(1,51)]

Request #1 at 2025-01-17 14:54:57.0728731 UTC: Generate Leaderboard HTML
Response to Request #1 at 2025-01-17 14:54:57.0738767 UTC: Generated and saved
Time taken: 0.0010036s seconds
Total Scores from all rounds:
[(9,127),(4,100),(2,100),(5,96),(3,81),(7,78),(8,75),(10,65),(6,61),(1,51)]

Request #1 at 2025-01-17 14:54:57.5715763 UTC: Generate Leaderboard HTML
Response to Request #1 at 2025-01-17 14:54:57.572583 UTC: Generated and saved
Time taken: 0.0010067s seconds
Total Scores from all rounds:
[(10,144),(6,133),(9,128),(8,114),(1,112),(4,103),(3,92),(2,70),(7,64),(5,60)]

Request #1 at 2025-01-17 14:54:57.9785511 UTC: Generate Leaderboard HTML
Response to Request #1 at 2025-01-17 14:54:57.9795293 UTC: Generated and saved
Time taken: 0.0009782s seconds
Total Scores from all rounds:
[(10,144),(6,133),(9,128),(8,114),(1,112),(4,103),(3,92),(2,70),(7,64),(5,60)]

Request #1 at 2025-01-17 14:54:58.3534929 UTC: Generate Leaderboard HTML
Response to Request #1 at 2025-01-17 14:54:58.3544661 UTC: Generated and saved
Time taken: 0.0009732s seconds
Total Scores from all rounds:
[(10,144),(6,133),(9,128),(8,114),(1,112),(4,103),(3,92),(2,70),(7,64),(5,60)]

Request #1 at 2025-01-17 14:54:59.0712381 UTC: Generate Leaderboard HTML
Response to Request #1 at 2025-01-17 14:54:59.0721971 UTC: Generated and saved
Time taken: 0.000959s seconds
Total Scores from all rounds:
[(7,150),(9,149),(8,95),(5,86),(10,83),(3,81),(2,69),(6,62),(1,54),(4,50)]

Request #1 at 2025-01-17 14:54:59.0731956 UTC: Generate Leaderboard HTML
Response to Request #1 at 2025-01-17 14:54:59.0741958 UTC: Generated and saved
Time taken: 0.0010002s seconds
Total Scores from all rounds:
[(7,150),(9,149),(8,95),(5,86),(10,83),(3,81),(2,69),(6,62),(1,54),(4,50)]

Request #1 at 2025-01-17 14:54:59.102118 UTC: Generate Leaderboard HTML
Response to Request #1 at 2025-01-17 14:54:59.1031164 UTC: Generated and saved
Time taken: 0.0009984s seconds
Total Scores from all rounds:
[(7,150),(9,149),(8,95),(5,86),(10,83),(3,81),(2,69),(6,62),(1,54),(4,50)]

Request #1 at 2025-01-17 14:55:04.5975416 UTC: Generate Leaderboard HTML
Response to Request #1 at 2025-01-17 14:55:04.5985043 UTC: Generated and saved
Time taken: 0.0009627s seconds
Total Scores from all rounds:
[(9,1163),(2,1098),(3,1029),(4,999),(8,975),(7,949),(6,936),(10,906),(5,902),(1,895)]

Request #1 at 2025-01-17 15:00:49.3644289 UTC: Generate Leaderboard HTML
Response to Request #1 at 2025-01-17 15:00:49.3664244 UTC: Generated and saved
Time taken: 0.0019955s seconds
Total Scores from all rounds:
[(4,147),(1,142),(3,128),(6,118),(5,111),(10,95),(7,93),(2,85),(9,73),(8,58)]

Request #1 at 2025-01-17 15:00:49.6136903 UTC: Generate Leaderboard HTML
Response to Request #1 at 2025-01-17 15:00:49.6150891 UTC: Generated and saved
Time taken: 0.0013988s seconds
Total Scores from all rounds:
[(4,147),(1,142),(3,128),(6,118),(5,111),(10,95),(7,93),(2,85),(9,73),(8,58)]

Request #1 at 2025-01-17 15:00:50.3315611 UTC: Generate Leaderboard HTML
Response to Request #1 at 2025-01-17 15:00:50.3325586 UTC: Generated and saved
Time taken: 0.0009975s seconds
Total Scores from all rounds:
[(4,148),(8,146),(6,121),(2,120),(9,106),(10,94),(3,87),(5,82),(1,69),(7,61)]

Request #1 at 2025-01-17 15:00:50.689166 UTC: Generate Leaderboard HTML
Response to Request #1 at 2025-01-17 15:00:50.6901321 UTC: Generated and saved
Time taken: 0.0009661s seconds
Total Scores from all rounds:
[(4,148),(8,146),(6,121),(2,120),(9,106),(10,94),(3,87),(5,82),(1,69),(7,61)]

Request #1 at 2025-01-17 15:00:50.6911579 UTC: Generate Leaderboard HTML
Response to Request #1 at 2025-01-17 15:00:50.6921275 UTC: Generated and saved
Time taken: 0.0009696s seconds
Total Scores from all rounds:
[(4,148),(8,146),(6,121),(2,120),(9,106),(10,94),(3,87),(5,82),(1,69),(7,61)]

Request #1 at 2025-01-17 15:00:50.9400258 UTC: Generate Leaderboard HTML
Response to Request #1 at 2025-01-17 15:00:50.9410236 UTC: Generated and saved
Time taken: 0.0009978s seconds
Total Scores from all rounds:
[(4,148),(8,146),(6,121),(2,120),(9,106),(10,94),(3,87),(5,82),(1,69),(7,61)]

Request #1 at 2025-01-17 15:00:50.9712349 UTC: Generate Leaderboard HTML
Response to Request #1 at 2025-01-17 15:00:50.9722318 UTC: Generated and saved
Time taken: 0.0009969s seconds
Total Scores from all rounds:
[(4,148),(8,146),(6,121),(2,120),(9,106),(10,94),(3,87),(5,82),(1,69),(7,61)]

Request #1 at 2025-01-17 15:00:51.643301 UTC: Generate Leaderboard HTML
Response to Request #1 at 2025-01-17 15:00:51.6442682 UTC: Generated and saved
Time taken: 0.0009672s seconds
Total Scores from all rounds:
[(1,144),(2,118),(8,117),(10,90),(9,87),(7,74),(3,68),(6,66),(4,55),(5,54)]

Request #1 at 2025-01-17 15:00:51.7522752 UTC: Generate Leaderboard HTML
Response to Request #1 at 2025-01-17 15:00:51.7532736 UTC: Generated and saved
Time taken: 0.0009984s seconds
Total Scores from all rounds:
[(1,144),(2,118),(8,117),(10,90),(9,87),(7,74),(3,68),(6,66),(4,55),(5,54)]

Request #1 at 2025-01-17 15:00:51.9715802 UTC: Generate Leaderboard HTML
Response to Request #1 at 2025-01-17 15:00:51.9725778 UTC: Generated and saved
Time taken: 0.0009976s seconds
Total Scores from all rounds:
[(1,144),(2,118),(8,117),(10,90),(9,87),(7,74),(3,68),(6,66),(4,55),(5,54)]

Request #1 at 2025-01-17 15:00:58.4012059 UTC: Generate Leaderboard HTML
Response to Request #1 at 2025-01-17 15:00:58.4022038 UTC: Generated and saved
Time taken: 0.0009979s seconds
Total Scores from all rounds:
[(6,1097),(3,1063),(1,1045),(4,1043),(9,1036),(2,995),(5,954),(8,899),(7,887),(10,865)]

Request #1 at 2025-01-17 16:05:42.4578736 UTC: Generate Leaderboard HTML
Response to Request #1 at 2025-01-17 16:05:42.4578736 UTC: Generated and saved
Time taken: 0s seconds
Total Scores from all rounds:
[(7,133),(8,126),(2,114),(10,113),(1,95),(3,90),(5,81),(9,58),(6,57),(4,56)]

Request #1 at 2025-01-17 16:05:42.4738732 UTC: Generate Leaderboard HTML
Response to Request #1 at 2025-01-17 16:05:42.4738732 UTC: Generated and saved
Time taken: 0s seconds
Total Scores from all rounds:
[(7,133),(8,126),(2,114),(10,113),(1,95),(3,90),(5,81),(9,58),(6,57),(4,56)]

Request #1 at 2025-01-17 16:05:42.8258403 UTC: Generate Leaderboard HTML
Response to Request #1 at 2025-01-17 16:05:42.8258403 UTC: Generated and saved
Time taken: 0s seconds
Total Scores from all rounds:
[(7,133),(8,126),(2,114),(10,113),(1,95),(3,90),(5,81),(9,58),(6,57),(4,56)]

Request #1 at 2025-01-17 16:05:43.6658735 UTC: Generate Leaderboard HTML
Response to Request #1 at 2025-01-17 16:05:43.6658735 UTC: Generated and saved
Time taken: 0s seconds
Total Scores from all rounds:
[(4,133),(3,115),(6,99),(8,95),(10,94),(9,93),(1,89),(7,88),(2,88),(5,52)]

Request #1 at 2025-01-17 16:05:43.817874 UTC: Generate Leaderboard HTML
Response to Request #1 at 2025-01-17 16:05:43.817874 UTC: Generated and saved
Time taken: 0s seconds
Total Scores from all rounds:
[(4,133),(3,115),(6,99),(8,95),(10,94),(9,93),(1,89),(7,88),(2,88),(5,52)]

Request #1 at 2025-01-17 16:05:44.4258753 UTC: Generate Leaderboard HTML
Response to Request #1 at 2025-01-17 16:05:44.4258753 UTC: Generated and saved
Time taken: 0s seconds
Total Scores from all rounds:
[(5,146),(10,141),(3,139),(6,138),(7,134),(8,114),(4,106),(2,95),(1,77),(9,75)]

Request #1 at 2025-01-17 16:05:44.5578384 UTC: Generate Leaderboard HTML
Response to Request #1 at 2025-01-17 16:05:44.5578384 UTC: Generated and saved
Time taken: 0s seconds
Total Scores from all rounds:
[(5,146),(10,141),(3,139),(6,138),(7,134),(8,114),(4,106),(2,95),(1,77),(9,75)]

Request #1 at 2025-01-17 16:05:44.5858384 UTC: Generate Leaderboard HTML
Response to Request #1 at 2025-01-17 16:05:44.5858384 UTC: Generated and saved
Time taken: 0s seconds
Total Scores from all rounds:
[(5,146),(10,141),(3,139),(6,138),(7,134),(8,114),(4,106),(2,95),(1,77),(9,75)]

Request #1 at 2025-01-17 16:05:45.5778726 UTC: Generate Leaderboard HTML
Response to Request #1 at 2025-01-17 16:05:45.5778726 UTC: Generated and saved
Time taken: 0s seconds
Total Scores from all rounds:
[(10,140),(7,119),(2,118),(1,93),(4,91),(9,83),(6,78),(3,72),(8,65),(5,60)]

Request #1 at 2025-01-17 16:05:45.7578718 UTC: Generate Leaderboard HTML
Response to Request #1 at 2025-01-17 16:05:45.7578718 UTC: Generated and saved
Time taken: 0s seconds
Total Scores from all rounds:
[(10,140),(7,119),(2,118),(1,93),(4,91),(9,83),(6,78),(3,72),(8,65),(5,60)]

Request #1 at 2025-01-17 16:05:51.4538442 UTC: Generate Leaderboard HTML
Response to Request #1 at 2025-01-17 16:05:51.4538442 UTC: Generated and saved
Time taken: 0s seconds
Total Scores from all rounds:
[(10,1164),(3,1130),(6,1115),(7,1062),(1,984),(9,974),(8,964),(4,930),(2,914),(5,895)]
